2015-01-09 16:49:20.838	ERROR	[main]	CLASE: DlgLogin	 METODO: iniciar	LINEA:294	MSJE:61
2015-01-09 17:15:43.135	ERROR	[main]	CLASE: DlgLogin	 METODO: iniciar	LINEA:296	MSJE:61
2015-01-09 17:16:24.882	ERROR	[main]	CLASE: DlgLogin	 METODO: iniciar	LINEA:296	MSJE:5
2015-01-09 17:17:04.040	ERROR	[main]	CLASE: Encriptador	 METODO: decrypt	LINEA:110	MSJE:javax.crypto.BadPaddingException: Given final block not properly padded
2015-01-09 17:17:05.020	ERROR	[main]	CLASE: DlgLogin	 METODO: iniciar	LINEA:296	MSJE:Unable to build entity manager factory
2015-01-09 17:17:05.021	ERROR	[main]	CLASE: Encriptador	 METODO: decrypt	LINEA:110	MSJE:javax.crypto.BadPaddingException: Given final block not properly padded
2015-01-09 17:17:05.277	ERROR	[main]	CLASE: DlgLogin	 METODO: iniciar	LINEA:304	MSJE:Unable to build entity manager factory
2015-01-09 17:17:05.279	ERROR	[main]	CLASE: Encriptador	 METODO: decrypt	LINEA:110	MSJE:javax.crypto.BadPaddingException: Given final block not properly padded
2015-01-09 17:17:05.524	ERROR	[main]	CLASE: DlgLogin	 METODO: iniciar	LINEA:312	MSJE:Unable to build entity manager factory
2015-01-09 17:17:26.231	ERROR	[main]	CLASE: Encriptador	 METODO: decrypt	LINEA:110	MSJE:javax.crypto.BadPaddingException: Given final block not properly padded
2015-01-09 17:17:26.233	ERROR	[main]	CLASE: Encriptador	 METODO: decrypt	LINEA:110	MSJE:javax.crypto.BadPaddingException: Given final block not properly padded
2015-01-09 17:17:26.234	ERROR	[main]	CLASE: Encriptador	 METODO: decrypt	LINEA:110	MSJE:javax.crypto.BadPaddingException: Given final block not properly padded
2015-01-09 17:20:30.264	ERROR	[main]	CLASE: Encriptador	 METODO: decrypt	LINEA:110	MSJE:javax.crypto.BadPaddingException: Given final block not properly padded
2015-01-09 17:20:31.249	ERROR	[main]	CLASE: DlgLogin	 METODO: iniciar	LINEA:296	MSJE:Unable to build entity manager factory
2015-01-09 17:20:31.251	ERROR	[main]	CLASE: Encriptador	 METODO: decrypt	LINEA:110	MSJE:javax.crypto.BadPaddingException: Given final block not properly padded
2015-01-09 17:20:31.510	ERROR	[main]	CLASE: DlgLogin	 METODO: iniciar	LINEA:304	MSJE:Unable to build entity manager factory
2015-01-09 17:20:31.512	ERROR	[main]	CLASE: Encriptador	 METODO: decrypt	LINEA:110	MSJE:javax.crypto.BadPaddingException: Given final block not properly padded
2015-01-09 17:20:31.760	ERROR	[main]	CLASE: DlgLogin	 METODO: iniciar	LINEA:312	MSJE:Unable to build entity manager factory
2015-01-09 17:20:36.280	ERROR	[main]	CLASE: Encriptador	 METODO: decrypt	LINEA:110	MSJE:javax.crypto.BadPaddingException: Given final block not properly padded
2015-01-09 17:20:36.281	ERROR	[main]	CLASE: Encriptador	 METODO: decrypt	LINEA:110	MSJE:javax.crypto.BadPaddingException: Given final block not properly padded
2015-01-09 17:20:36.283	ERROR	[main]	CLASE: Encriptador	 METODO: decrypt	LINEA:110	MSJE:javax.crypto.BadPaddingException: Given final block not properly padded
2015-01-09 17:23:01.048	ERROR	[main]	CLASE: DlgLogin	 METODO: iniciar	LINEA:312	MSJE:Unable to build entity manager factory
2015-01-09 17:27:23.519	ERROR	[main]	CLASE: DlgLogin	 METODO: iniciar	LINEA:312	MSJE:Unable to build entity manager factory
2015-01-09 17:29:33.971	ERROR	[main]	CLASE: DlgLogin	 METODO: iniciar	LINEA:312	MSJE:Unable to build entity manager factory
2015-01-09 17:29:52.665	ERROR	[AWT-EventQueue-0]	CLASE: DlgConfiguracion	 METODO: iniciar	LINEA:465	MSJE:Unable to build entity manager factory
2015-01-09 17:32:01.612	ERROR	[main]	CLASE: DlgLogin	 METODO: iniciar	LINEA:312	MSJE:Unable to build entity manager factory
2015-01-09 17:32:15.660	ERROR	[AWT-EventQueue-0]	CLASE: DlgConfiguracion	 METODO: iniciar	LINEA:464	MSJE:Unable to build entity manager factory
2015-01-11 19:07:49.558	ERROR	[main]	CLASE: DlgLogin	 METODO: iniciar	LINEA:304	MSJE:Unable to build entity manager factory
2015-01-11 19:11:01.228	ERROR	[main]	CLASE: DlgLogin	 METODO: iniciar	LINEA:304	MSJE:Unable to build entity manager factory
2015-01-11 19:11:14.647	ERROR	[AWT-EventQueue-0]	CLASE: DlgConfiguracion	 METODO: iniciar	LINEA:456	MSJE:Unable to build entity manager factory
2015-01-11 19:11:39.757	ERROR	[AWT-EventQueue-0]	CLASE: DlgConfiguracion	 METODO: iniciar	LINEA:456	MSJE:Unable to build entity manager factory
2015-01-11 20:58:29.267	ERROR	[main]	CLASE: DlgLogin	 METODO: iniciar	LINEA:312	MSJE:Unable to build entity manager factory
2015-01-12 10:26:54.956	ERROR	[AWT-EventQueue-0]	CLASE: JRFillSubreport	 METODO: prepare	LINEA:801	MSJE:Fill 1: exception
net.sf.jasperreports.engine.JRException: Error executing SQL statement for : subr_datos_empleado
	at net.sf.jasperreports.engine.query.JRJdbcQueryExecuter.createDatasource(JRJdbcQueryExecuter.java:240)
	at net.sf.jasperreports.engine.fill.JRFillDataset.createQueryDatasource(JRFillDataset.java:1114)
	at net.sf.jasperreports.engine.fill.JRFillDataset.initDatasource(JRFillDataset.java:691)
	at net.sf.jasperreports.engine.fill.JRBaseFiller.setParameters(JRBaseFiller.java:1314)
	at net.sf.jasperreports.engine.fill.JRBaseFiller.fill(JRBaseFiller.java:931)
	at net.sf.jasperreports.engine.fill.JRBaseFiller.fill(JRBaseFiller.java:873)
	at net.sf.jasperreports.engine.fill.JRFillSubreport.fillSubreport(JRFillSubreport.java:665)
	at net.sf.jasperreports.engine.fill.JRSubreportRunnable.run(JRSubreportRunnable.java:59)
	at net.sf.jasperreports.engine.fill.AbstractThreadSubreportRunner.run(AbstractThreadSubreportRunner.java:203)
	at java.util.concurrent.ThreadPoolExecutor.runWorker(ThreadPoolExecutor.java:1145)
	at java.util.concurrent.ThreadPoolExecutor$Worker.run(ThreadPoolExecutor.java:615)
	at java.lang.Thread.run(Thread.java:744)
Caused by: com.microsoft.sqlserver.jdbc.SQLServerException: El nombre de objeto 'public.v_empleado' no es válido.
	at com.microsoft.sqlserver.jdbc.SQLServerException.makeFromDatabaseError(SQLServerException.java:216)
	at com.microsoft.sqlserver.jdbc.SQLServerStatement.getNextResult(SQLServerStatement.java:1515)
	at com.microsoft.sqlserver.jdbc.SQLServerPreparedStatement.doExecutePreparedStatement(SQLServerPreparedStatement.java:404)
	at com.microsoft.sqlserver.jdbc.SQLServerPreparedStatement$PrepStmtExecCmd.doExecute(SQLServerPreparedStatement.java:350)
	at com.microsoft.sqlserver.jdbc.TDSCommand.execute(IOBuffer.java:5696)
	at com.microsoft.sqlserver.jdbc.SQLServerConnection.executeCommand(SQLServerConnection.java:1715)
	at com.microsoft.sqlserver.jdbc.SQLServerStatement.executeCommand(SQLServerStatement.java:180)
	at com.microsoft.sqlserver.jdbc.SQLServerStatement.executeStatement(SQLServerStatement.java:155)
	at com.microsoft.sqlserver.jdbc.SQLServerPreparedStatement.executeQuery(SQLServerPreparedStatement.java:285)
	at net.sf.jasperreports.engine.query.JRJdbcQueryExecuter.createDatasource(JRJdbcQueryExecuter.java:233)
	... 11 more
2015-01-13 18:03:43.009	ERROR	[AWT-EventQueue-0]	CLASE: MetadataContext	 METODO: registerAttribute	LINEA:461	MSJE:HHH015011: Unable to locate static metamodel field : biz.juvitec.entidades.Rol_#accesoList
2015-01-13 18:03:43.043	ERROR	[AWT-EventQueue-0]	CLASE: MetadataContext	 METODO: registerAttribute	LINEA:461	MSJE:HHH015011: Unable to locate static metamodel field : biz.juvitec.entidades.Acceso_#rolList
2015-01-13 18:03:48.980	ERROR	[AWT-EventQueue-0]	CLASE: MetadataContext	 METODO: registerAttribute	LINEA:461	MSJE:HHH015011: Unable to locate static metamodel field : biz.juvitec.entidades.Rol_#accesoList
2015-01-13 18:03:48.984	ERROR	[AWT-EventQueue-0]	CLASE: MetadataContext	 METODO: registerAttribute	LINEA:461	MSJE:HHH015011: Unable to locate static metamodel field : biz.juvitec.entidades.Acceso_#rolList
2015-01-13 18:03:50.182	ERROR	[AWT-EventQueue-0]	CLASE: MetadataContext	 METODO: registerAttribute	LINEA:461	MSJE:HHH015011: Unable to locate static metamodel field : biz.juvitec.entidades.Rol_#accesoList
2015-01-13 18:03:50.187	ERROR	[AWT-EventQueue-0]	CLASE: MetadataContext	 METODO: registerAttribute	LINEA:461	MSJE:HHH015011: Unable to locate static metamodel field : biz.juvitec.entidades.Acceso_#rolList
2015-01-14 22:19:39.938	ERROR	[main]	CLASE: DlgLogin	 METODO: iniciar	LINEA:296	MSJE:Unable to build entity manager factory
2015-01-14 22:20:22.852	ERROR	[AWT-EventQueue-0]	CLASE: DlgConfiguracion	 METODO: iniciar	LINEA:448	MSJE:Unable to build entity manager factory
2015-01-14 22:47:03.491	ERROR	[AWT-EventQueue-0]	CLASE: DAO	 METODO: guardar	LINEA:92	MSJE:ERROR EN EL GUARDADO: org.hibernate.PropertyValueException: not-null property references a null or transient value : biz.juvitec.entidades.Jornada.toleranciaRefrigerioHE org.hibernate.PropertyValueException: not-null property references a null or transient value : biz.juvitec.entidades.Jornada.toleranciaRefrigerioHE
2015-01-14 23:04:29.293	ERROR	[AWT-EventQueue-0]	CLASE: DAO	 METODO: guardar	LINEA:92	MSJE:ERROR EN EL GUARDADO: org.hibernate.PropertyValueException: not-null property references a null or transient value : biz.juvitec.entidades.Horario.fechaFin org.hibernate.PropertyValueException: not-null property references a null or transient value : biz.juvitec.entidades.Horario.fechaFin
2015-01-15 10:14:25.574	ERROR	[AWT-EventQueue-0]	CLASE: DAO	 METODO: guardar	LINEA:92	MSJE:ERROR EN EL GUARDADO: org.hibernate.PropertyValueException: not-null property references a null or transient value : biz.juvitec.entidades.Usuario.rol org.hibernate.PropertyValueException: not-null property references a null or transient value : biz.juvitec.entidades.Usuario.rol
2015-01-15 11:27:30.606	ERROR	[main]	CLASE: SqlExceptionHelper	 METODO: logExceptions	LINEA:146	MSJE:Los tipos de datos time y datetime son incompatibles con el operador greater than or equal to.
2015-01-15 11:27:30.633	ERROR	[main]	CLASE: DAO	 METODO: buscar	LINEA:167	MSJE:ERROR AL BUSCAR: org.hibernate.exception.SQLGrammarException: could not extract ResultSet org.hibernate.exception.SQLGrammarException: could not extract ResultSet
2015-01-15 11:29:35.277	ERROR	[main]	CLASE: SqlExceptionHelper	 METODO: logExceptions	LINEA:146	MSJE:Los tipos de datos time y datetime son incompatibles con el operador greater than or equal to.
2015-01-15 11:29:35.282	ERROR	[main]	CLASE: DAO	 METODO: buscar	LINEA:167	MSJE:ERROR AL BUSCAR: org.hibernate.exception.SQLGrammarException: could not extract ResultSet org.hibernate.exception.SQLGrammarException: could not extract ResultSet
2015-01-15 11:42:22.792	ERROR	[main]	CLASE: SqlExceptionHelper	 METODO: logExceptions	LINEA:146	MSJE:Los tipos de datos time y datetime son incompatibles con el operador greater than or equal to.
2015-01-15 11:42:22.796	ERROR	[main]	CLASE: DAO	 METODO: buscar	LINEA:167	MSJE:ERROR AL BUSCAR: org.hibernate.exception.SQLGrammarException: could not extract ResultSet org.hibernate.exception.SQLGrammarException: could not extract ResultSet
2015-01-15 11:47:02.688	ERROR	[main]	CLASE: DAO	 METODO: guardarLote	LINEA:107	MSJE:ERROR EN EL GUARDADO POR LOTE: org.hibernate.PropertyValueException: not-null property references a null or transient value : biz.juvitec.entidades.RegistroAsistencia.fecha org.hibernate.PropertyValueException: not-null property references a null or transient value : biz.juvitec.entidades.RegistroAsistencia.fecha
2015-01-15 11:47:02.691	ERROR	[main]	CLASE: DAO	 METODO: modificar	LINEA:119	MSJE:ERROR AL MODIFICAR: Transaction already active Transaction already active
2015-01-15 11:49:45.424	ERROR	[main]	CLASE: DAO	 METODO: guardarLote	LINEA:107	MSJE:ERROR EN EL GUARDADO POR LOTE: org.hibernate.PropertyValueException: not-null property references a null or transient value : biz.juvitec.entidades.RegistroAsistencia.fecha org.hibernate.PropertyValueException: not-null property references a null or transient value : biz.juvitec.entidades.RegistroAsistencia.fecha
2015-01-15 11:49:45.426	ERROR	[main]	CLASE: DAO	 METODO: modificar	LINEA:119	MSJE:ERROR AL MODIFICAR: Transaction already active Transaction already active
